The target system is: Retro68 - 1 - 
The host system is: Linux - 4.15.0-136-generic - i686
Compiling the C compiler identification source file "CMakeCCompilerId.c" succeeded.
Compiler: /home/macdev/Documents/Retro68/Retro68-build/toolchain/bin/m68k-apple-macos-gcc 
Build flags: 
Id flags: 

The output was:
0


Compilation of the C compiler identification source "CMakeCCompilerId.c" produced "a.out.gdb"

Compilation of the C compiler identification source "CMakeCCompilerId.c" produced "a.out"

The C compiler identification is GNU, found in "/home/macdev/Documents/Retro68kApps/HelloWorld/build/CMakeFiles/3.5.1/CompilerIdC/a.out.gdb"

Compiling the CXX compiler identification source file "CMakeCXXCompilerId.cpp" succeeded.
Compiler: /home/macdev/Documents/Retro68/Retro68-build/toolchain/bin/m68k-apple-macos-g++ 
Build flags: 
Id flags: 

The output was:
0


Compilation of the CXX compiler identification source "CMakeCXXCompilerId.cpp" produced "a.out.gdb"

Compilation of the CXX compiler identification source "CMakeCXXCompilerId.cpp" produced "a.out"

The CXX compiler identification is GNU, found in "/home/macdev/Documents/Retro68kApps/HelloWorld/build/CMakeFiles/3.5.1/CompilerIdCXX/a.out.gdb"

Determining if the C compiler works passed with the following output:
Change Dir: /home/macdev/Documents/Retro68kApps/HelloWorld/build/CMakeFiles/CMakeTmp

Run Build Command:"/usr/bin/make" "cmTC_5e45b/fast"
/usr/bin/make -f CMakeFiles/cmTC_5e45b.dir/build.make CMakeFiles/cmTC_5e45b.dir/build
make[1]: Entering directory '/home/macdev/Documents/Retro68kApps/HelloWorld/build/CMakeFiles/CMakeTmp'
Building C object CMakeFiles/cmTC_5e45b.dir/testCCompiler.c.obj
/home/macdev/Documents/Retro68/Retro68-build/toolchain/bin/m68k-apple-macos-gcc     -o CMakeFiles/cmTC_5e45b.dir/testCCompiler.c.obj   -c /home/macdev/Documents/Retro68kApps/HelloWorld/build/CMakeFiles/CMakeTmp/testCCompiler.c
Linking C executable cmTC_5e45b
/usr/bin/cmake -E cmake_link_script CMakeFiles/cmTC_5e45b.dir/link.txt --verbose=1
/home/macdev/Documents/Retro68/Retro68-build/toolchain/bin/m68k-apple-macos-gcc       CMakeFiles/cmTC_5e45b.dir/testCCompiler.c.obj  -o cmTC_5e45b  
make[1]: Leaving directory '/home/macdev/Documents/Retro68kApps/HelloWorld/build/CMakeFiles/CMakeTmp'


Detecting C compiler ABI info compiled with the following output:
Change Dir: /home/macdev/Documents/Retro68kApps/HelloWorld/build/CMakeFiles/CMakeTmp

Run Build Command:"/usr/bin/make" "cmTC_eb5f3/fast"
/usr/bin/make -f CMakeFiles/cmTC_eb5f3.dir/build.make CMakeFiles/cmTC_eb5f3.dir/build
make[1]: Entering directory '/home/macdev/Documents/Retro68kApps/HelloWorld/build/CMakeFiles/CMakeTmp'
Building C object CMakeFiles/cmTC_eb5f3.dir/CMakeCCompilerABI.c.obj
/home/macdev/Documents/Retro68/Retro68-build/toolchain/bin/m68k-apple-macos-gcc     -o CMakeFiles/cmTC_eb5f3.dir/CMakeCCompilerABI.c.obj   -c /usr/share/cmake-3.5/Modules/CMakeCCompilerABI.c
Linking C executable cmTC_eb5f3
/usr/bin/cmake -E cmake_link_script CMakeFiles/cmTC_eb5f3.dir/link.txt --verbose=1
/home/macdev/Documents/Retro68/Retro68-build/toolchain/bin/m68k-apple-macos-gcc      -v CMakeFiles/cmTC_eb5f3.dir/CMakeCCompilerABI.c.obj  -o cmTC_eb5f3   
Using built-in specs.
COLLECT_GCC=/home/macdev/Documents/Retro68/Retro68-build/toolchain/bin/m68k-apple-macos-gcc
COLLECT_LTO_WRAPPER=/home/macdev/Documents/Retro68/Retro68-build/toolchain/libexec/gcc/m68k-apple-macos/5.2.0/lto-wrapper
Target: m68k-apple-macos
Configured with: /home/macdev/Documents/Retro68/Retro68/gcc/configure --target=m68k-apple-macos --prefix=/home/macdev/Documents/Retro68/Retro68-build/toolchain/ --enable-languages=c,c++ --with-arch=m68k --with-cpu=m68000 --disable-libssp MAKEINFO=missing : (reconfigured) /home/macdev/Documents/Retro68/Retro68/gcc/configure --target=m68k-apple-macos --prefix=/home/macdev/Documents/Retro68/Retro68-build/toolchain/ --enable-languages=c,c++ --with-arch=m68k --with-cpu=m68000 --disable-libssp MAKEINFO=missing
Thread model: single
gcc version 5.2.0 (GCC) 
COMPILER_PATH=/home/macdev/Documents/Retro68/Retro68-build/toolchain/libexec/gcc/m68k-apple-macos/5.2.0/:/home/macdev/Documents/Retro68/Retro68-build/toolchain/libexec/gcc/m68k-apple-macos/5.2.0/:/home/macdev/Documents/Retro68/Retro68-build/toolchain/libexec/gcc/m68k-apple-macos/:/home/macdev/Documents/Retro68/Retro68-build/toolchain/lib/gcc/m68k-apple-macos/5.2.0/:/home/macdev/Documents/Retro68/Retro68-build/toolchain/lib/gcc/m68k-apple-macos/:/home/macdev/Documents/Retro68/Retro68-build/toolchain/lib/gcc/m68k-apple-macos/5.2.0/../../../../m68k-apple-macos/bin/
LIBRARY_PATH=/home/macdev/Documents/Retro68/Retro68-build/toolchain/lib/gcc/m68k-apple-macos/5.2.0/:/home/macdev/Documents/Retro68/Retro68-build/toolchain/lib/gcc/m68k-apple-macos/5.2.0/../../../../m68k-apple-macos/lib/
COLLECT_GCC_OPTIONS='-v' '-o' 'cmTC_eb5f3' '-mcpu=68000'
 /home/macdev/Documents/Retro68/Retro68-build/toolchain/libexec/gcc/m68k-apple-macos/5.2.0/collect2 -plugin /home/macdev/Documents/Retro68/Retro68-build/toolchain/libexec/gcc/m68k-apple-macos/5.2.0/liblto_plugin.so -plugin-opt=/home/macdev/Documents/Retro68/Retro68-build/toolchain/libexec/gcc/m68k-apple-macos/5.2.0/lto-wrapper -plugin-opt=-fresolution=/tmp/ccUUWgLh.res -plugin-opt=-pass-through=-lretrocrt -plugin-opt=-pass-through=-lgcc -plugin-opt=-pass-through=-lc -plugin-opt=-pass-through=-lretrocrt -plugin-opt=-pass-through=-lgcc -elf2flt -q -undefined=_consolewrite -o cmTC_eb5f3 /home/macdev/Documents/Retro68/Retro68-build/toolchain/lib/gcc/m68k-apple-macos/5.2.0/crtbegin.o -L/home/macdev/Documents/Retro68/Retro68-build/toolchain/lib/gcc/m68k-apple-macos/5.2.0 -L/home/macdev/Documents/Retro68/Retro68-build/toolchain/lib/gcc/m68k-apple-macos/5.2.0/../../../../m68k-apple-macos/lib CMakeFiles/cmTC_eb5f3.dir/CMakeCCompilerABI.c.obj -lretrocrt -lgcc -lc -lretrocrt -lgcc /home/macdev/Documents/Retro68/Retro68-build/toolchain/lib/gcc/m68k-apple-macos/5.2.0/crtend.o
make[1]: Leaving directory '/home/macdev/Documents/Retro68kApps/HelloWorld/build/CMakeFiles/CMakeTmp'


Parsed C implicit link information from above output:
  link line regex: [^( *|.*[/\])(m68k-apple-macos-ld|([^/\]+-)?ld|collect2)[^/\]*( |$)]
  ignore line: [Change Dir: /home/macdev/Documents/Retro68kApps/HelloWorld/build/CMakeFiles/CMakeTmp]
  ignore line: []
  ignore line: [Run Build Command:"/usr/bin/make" "cmTC_eb5f3/fast"]
  ignore line: [/usr/bin/make -f CMakeFiles/cmTC_eb5f3.dir/build.make CMakeFiles/cmTC_eb5f3.dir/build]
  ignore line: [make[1]: Entering directory '/home/macdev/Documents/Retro68kApps/HelloWorld/build/CMakeFiles/CMakeTmp']
  ignore line: [Building C object CMakeFiles/cmTC_eb5f3.dir/CMakeCCompilerABI.c.obj]
  ignore line: [/home/macdev/Documents/Retro68/Retro68-build/toolchain/bin/m68k-apple-macos-gcc     -o CMakeFiles/cmTC_eb5f3.dir/CMakeCCompilerABI.c.obj   -c /usr/share/cmake-3.5/Modules/CMakeCCompilerABI.c]
  ignore line: [Linking C executable cmTC_eb5f3]
  ignore line: [/usr/bin/cmake -E cmake_link_script CMakeFiles/cmTC_eb5f3.dir/link.txt --verbose=1]
  ignore line: [/home/macdev/Documents/Retro68/Retro68-build/toolchain/bin/m68k-apple-macos-gcc      -v CMakeFiles/cmTC_eb5f3.dir/CMakeCCompilerABI.c.obj  -o cmTC_eb5f3   ]
  ignore line: [Using built-in specs.]
  ignore line: [COLLECT_GCC=/home/macdev/Documents/Retro68/Retro68-build/toolchain/bin/m68k-apple-macos-gcc]
  ignore line: [COLLECT_LTO_WRAPPER=/home/macdev/Documents/Retro68/Retro68-build/toolchain/libexec/gcc/m68k-apple-macos/5.2.0/lto-wrapper]
  ignore line: [Target: m68k-apple-macos]
  ignore line: [Configured with: /home/macdev/Documents/Retro68/Retro68/gcc/configure --target=m68k-apple-macos --prefix=/home/macdev/Documents/Retro68/Retro68-build/toolchain/ --enable-languages=c,c++ --with-arch=m68k --with-cpu=m68000 --disable-libssp MAKEINFO=missing : (reconfigured) /home/macdev/Documents/Retro68/Retro68/gcc/configure --target=m68k-apple-macos --prefix=/home/macdev/Documents/Retro68/Retro68-build/toolchain/ --enable-languages=c,c++ --with-arch=m68k --with-cpu=m68000 --disable-libssp MAKEINFO=missing]
  ignore line: [Thread model: single]
  ignore line: [gcc version 5.2.0 (GCC) ]
  ignore line: [COMPILER_PATH=/home/macdev/Documents/Retro68/Retro68-build/toolchain/libexec/gcc/m68k-apple-macos/5.2.0/:/home/macdev/Documents/Retro68/Retro68-build/toolchain/libexec/gcc/m68k-apple-macos/5.2.0/:/home/macdev/Documents/Retro68/Retro68-build/toolchain/libexec/gcc/m68k-apple-macos/:/home/macdev/Documents/Retro68/Retro68-build/toolchain/lib/gcc/m68k-apple-macos/5.2.0/:/home/macdev/Documents/Retro68/Retro68-build/toolchain/lib/gcc/m68k-apple-macos/:/home/macdev/Documents/Retro68/Retro68-build/toolchain/lib/gcc/m68k-apple-macos/5.2.0/../../../../m68k-apple-macos/bin/]
  ignore line: [LIBRARY_PATH=/home/macdev/Documents/Retro68/Retro68-build/toolchain/lib/gcc/m68k-apple-macos/5.2.0/:/home/macdev/Documents/Retro68/Retro68-build/toolchain/lib/gcc/m68k-apple-macos/5.2.0/../../../../m68k-apple-macos/lib/]
  ignore line: [COLLECT_GCC_OPTIONS='-v' '-o' 'cmTC_eb5f3' '-mcpu=68000']
  link line: [ /home/macdev/Documents/Retro68/Retro68-build/toolchain/libexec/gcc/m68k-apple-macos/5.2.0/collect2 -plugin /home/macdev/Documents/Retro68/Retro68-build/toolchain/libexec/gcc/m68k-apple-macos/5.2.0/liblto_plugin.so -plugin-opt=/home/macdev/Documents/Retro68/Retro68-build/toolchain/libexec/gcc/m68k-apple-macos/5.2.0/lto-wrapper -plugin-opt=-fresolution=/tmp/ccUUWgLh.res -plugin-opt=-pass-through=-lretrocrt -plugin-opt=-pass-through=-lgcc -plugin-opt=-pass-through=-lc -plugin-opt=-pass-through=-lretrocrt -plugin-opt=-pass-through=-lgcc -elf2flt -q -undefined=_consolewrite -o cmTC_eb5f3 /home/macdev/Documents/Retro68/Retro68-build/toolchain/lib/gcc/m68k-apple-macos/5.2.0/crtbegin.o -L/home/macdev/Documents/Retro68/Retro68-build/toolchain/lib/gcc/m68k-apple-macos/5.2.0 -L/home/macdev/Documents/Retro68/Retro68-build/toolchain/lib/gcc/m68k-apple-macos/5.2.0/../../../../m68k-apple-macos/lib CMakeFiles/cmTC_eb5f3.dir/CMakeCCompilerABI.c.obj -lretrocrt -lgcc -lc -lretrocrt -lgcc /home/macdev/Documents/Retro68/Retro68-build/toolchain/lib/gcc/m68k-apple-macos/5.2.0/crtend.o]
    arg [/home/macdev/Documents/Retro68/Retro68-build/toolchain/libexec/gcc/m68k-apple-macos/5.2.0/collect2] ==> ignore
    arg [-plugin] ==> ignore
    arg [/home/macdev/Documents/Retro68/Retro68-build/toolchain/libexec/gcc/m68k-apple-macos/5.2.0/liblto_plugin.so] ==> ignore
    arg [-plugin-opt=/home/macdev/Documents/Retro68/Retro68-build/toolchain/libexec/gcc/m68k-apple-macos/5.2.0/lto-wrapper] ==> ignore
    arg [-plugin-opt=-fresolution=/tmp/ccUUWgLh.res] ==> ignore
    arg [-plugin-opt=-pass-through=-lretrocrt] ==> ignore
    arg [-plugin-opt=-pass-through=-lgcc] ==> ignore
    arg [-plugin-opt=-pass-through=-lc] ==> ignore
    arg [-plugin-opt=-pass-through=-lretrocrt] ==> ignore
    arg [-plugin-opt=-pass-through=-lgcc] ==> ignore
    arg [-elf2flt] ==> ignore
    arg [-q] ==> ignore
    arg [-undefined=_consolewrite] ==> ignore
    arg [-o] ==> ignore
    arg [cmTC_eb5f3] ==> ignore
    arg [/home/macdev/Documents/Retro68/Retro68-build/toolchain/lib/gcc/m68k-apple-macos/5.2.0/crtbegin.o] ==> ignore
    arg [-L/home/macdev/Documents/Retro68/Retro68-build/toolchain/lib/gcc/m68k-apple-macos/5.2.0] ==> dir [/home/macdev/Documents/Retro68/Retro68-build/toolchain/lib/gcc/m68k-apple-macos/5.2.0]
    arg [-L/home/macdev/Documents/Retro68/Retro68-build/toolchain/lib/gcc/m68k-apple-macos/5.2.0/../../../../m68k-apple-macos/lib] ==> dir [/home/macdev/Documents/Retro68/Retro68-build/toolchain/lib/gcc/m68k-apple-macos/5.2.0/../../../../m68k-apple-macos/lib]
    arg [CMakeFiles/cmTC_eb5f3.dir/CMakeCCompilerABI.c.obj] ==> ignore
    arg [-lretrocrt] ==> lib [retrocrt]
    arg [-lgcc] ==> lib [gcc]
    arg [-lc] ==> lib [c]
    arg [-lretrocrt] ==> lib [retrocrt]
    arg [-lgcc] ==> lib [gcc]
    arg [/home/macdev/Documents/Retro68/Retro68-build/toolchain/lib/gcc/m68k-apple-macos/5.2.0/crtend.o] ==> ignore
  remove lib [gcc]
  remove lib [gcc]
  collapse library dir [/home/macdev/Documents/Retro68/Retro68-build/toolchain/lib/gcc/m68k-apple-macos/5.2.0] ==> [/home/macdev/Documents/Retro68/Retro68-build/toolchain/lib/gcc/m68k-apple-macos/5.2.0]
  collapse library dir [/home/macdev/Documents/Retro68/Retro68-build/toolchain/lib/gcc/m68k-apple-macos/5.2.0/../../../../m68k-apple-macos/lib] ==> [/home/macdev/Documents/Retro68/Retro68-build/toolchain/m68k-apple-macos/lib]
  implicit libs: [retrocrt;c;retrocrt]
  implicit dirs: [/home/macdev/Documents/Retro68/Retro68-build/toolchain/lib/gcc/m68k-apple-macos/5.2.0;/home/macdev/Documents/Retro68/Retro68-build/toolchain/m68k-apple-macos/lib]
  implicit fwks: []




Detecting C [-std=c11] compiler features compiled with the following output:
Change Dir: /home/macdev/Documents/Retro68kApps/HelloWorld/build/CMakeFiles/CMakeTmp

Run Build Command:"/usr/bin/make" "cmTC_43bdd/fast"
/usr/bin/make -f CMakeFiles/cmTC_43bdd.dir/build.make CMakeFiles/cmTC_43bdd.dir/build
make[1]: Entering directory '/home/macdev/Documents/Retro68kApps/HelloWorld/build/CMakeFiles/CMakeTmp'
Building C object CMakeFiles/cmTC_43bdd.dir/feature_tests.c.obj
/home/macdev/Documents/Retro68/Retro68-build/toolchain/bin/m68k-apple-macos-gcc    -std=c11 -o CMakeFiles/cmTC_43bdd.dir/feature_tests.c.obj   -c /home/macdev/Documents/Retro68kApps/HelloWorld/build/CMakeFiles/feature_tests.c
Linking C executable cmTC_43bdd
/usr/bin/cmake -E cmake_link_script CMakeFiles/cmTC_43bdd.dir/link.txt --verbose=1
/home/macdev/Documents/Retro68/Retro68-build/toolchain/bin/m68k-apple-macos-gcc       CMakeFiles/cmTC_43bdd.dir/feature_tests.c.obj  -o cmTC_43bdd  
make[1]: Leaving directory '/home/macdev/Documents/Retro68kApps/HelloWorld/build/CMakeFiles/CMakeTmp'


    Feature record: C_FEATURE:1c_function_prototypes
    Feature record: C_FEATURE:1c_restrict
    Feature record: C_FEATURE:1c_static_assert
    Feature record: C_FEATURE:1c_variadic_macros


Detecting C [-std=c99] compiler features compiled with the following output:
Change Dir: /home/macdev/Documents/Retro68kApps/HelloWorld/build/CMakeFiles/CMakeTmp

Run Build Command:"/usr/bin/make" "cmTC_b1ae6/fast"
/usr/bin/make -f CMakeFiles/cmTC_b1ae6.dir/build.make CMakeFiles/cmTC_b1ae6.dir/build
make[1]: Entering directory '/home/macdev/Documents/Retro68kApps/HelloWorld/build/CMakeFiles/CMakeTmp'
Building C object CMakeFiles/cmTC_b1ae6.dir/feature_tests.c.obj
/home/macdev/Documents/Retro68/Retro68-build/toolchain/bin/m68k-apple-macos-gcc    -std=c99 -o CMakeFiles/cmTC_b1ae6.dir/feature_tests.c.obj   -c /home/macdev/Documents/Retro68kApps/HelloWorld/build/CMakeFiles/feature_tests.c
Linking C executable cmTC_b1ae6
/usr/bin/cmake -E cmake_link_script CMakeFiles/cmTC_b1ae6.dir/link.txt --verbose=1
/home/macdev/Documents/Retro68/Retro68-build/toolchain/bin/m68k-apple-macos-gcc       CMakeFiles/cmTC_b1ae6.dir/feature_tests.c.obj  -o cmTC_b1ae6  
make[1]: Leaving directory '/home/macdev/Documents/Retro68kApps/HelloWorld/build/CMakeFiles/CMakeTmp'


    Feature record: C_FEATURE:1c_function_prototypes
    Feature record: C_FEATURE:1c_restrict
    Feature record: C_FEATURE:0c_static_assert
    Feature record: C_FEATURE:1c_variadic_macros


Detecting C [-std=c90] compiler features compiled with the following output:
Change Dir: /home/macdev/Documents/Retro68kApps/HelloWorld/build/CMakeFiles/CMakeTmp

Run Build Command:"/usr/bin/make" "cmTC_feefe/fast"
/usr/bin/make -f CMakeFiles/cmTC_feefe.dir/build.make CMakeFiles/cmTC_feefe.dir/build
make[1]: Entering directory '/home/macdev/Documents/Retro68kApps/HelloWorld/build/CMakeFiles/CMakeTmp'
Building C object CMakeFiles/cmTC_feefe.dir/feature_tests.c.obj
/home/macdev/Documents/Retro68/Retro68-build/toolchain/bin/m68k-apple-macos-gcc    -std=c90 -o CMakeFiles/cmTC_feefe.dir/feature_tests.c.obj   -c /home/macdev/Documents/Retro68kApps/HelloWorld/build/CMakeFiles/feature_tests.c
Linking C executable cmTC_feefe
/usr/bin/cmake -E cmake_link_script CMakeFiles/cmTC_feefe.dir/link.txt --verbose=1
/home/macdev/Documents/Retro68/Retro68-build/toolchain/bin/m68k-apple-macos-gcc       CMakeFiles/cmTC_feefe.dir/feature_tests.c.obj  -o cmTC_feefe  
make[1]: Leaving directory '/home/macdev/Documents/Retro68kApps/HelloWorld/build/CMakeFiles/CMakeTmp'


    Feature record: C_FEATURE:1c_function_prototypes
    Feature record: C_FEATURE:0c_restrict
    Feature record: C_FEATURE:0c_static_assert
    Feature record: C_FEATURE:0c_variadic_macros
Determining if the CXX compiler works passed with the following output:
Change Dir: /home/macdev/Documents/Retro68kApps/HelloWorld/build/CMakeFiles/CMakeTmp

Run Build Command:"/usr/bin/make" "cmTC_f9324/fast"
/usr/bin/make -f CMakeFiles/cmTC_f9324.dir/build.make CMakeFiles/cmTC_f9324.dir/build
make[1]: Entering directory '/home/macdev/Documents/Retro68kApps/HelloWorld/build/CMakeFiles/CMakeTmp'
Building CXX object CMakeFiles/cmTC_f9324.dir/testCXXCompiler.cxx.obj
/home/macdev/Documents/Retro68/Retro68-build/toolchain/bin/m68k-apple-macos-g++      -o CMakeFiles/cmTC_f9324.dir/testCXXCompiler.cxx.obj -c /home/macdev/Documents/Retro68kApps/HelloWorld/build/CMakeFiles/CMakeTmp/testCXXCompiler.cxx
Linking CXX executable cmTC_f9324
/usr/bin/cmake -E cmake_link_script CMakeFiles/cmTC_f9324.dir/link.txt --verbose=1
/home/macdev/Documents/Retro68/Retro68-build/toolchain/bin/m68k-apple-macos-g++        CMakeFiles/cmTC_f9324.dir/testCXXCompiler.cxx.obj  -o cmTC_f9324  
make[1]: Leaving directory '/home/macdev/Documents/Retro68kApps/HelloWorld/build/CMakeFiles/CMakeTmp'


Detecting CXX compiler ABI info compiled with the following output:
Change Dir: /home/macdev/Documents/Retro68kApps/HelloWorld/build/CMakeFiles/CMakeTmp

Run Build Command:"/usr/bin/make" "cmTC_dcec5/fast"
/usr/bin/make -f CMakeFiles/cmTC_dcec5.dir/build.make CMakeFiles/cmTC_dcec5.dir/build
make[1]: Entering directory '/home/macdev/Documents/Retro68kApps/HelloWorld/build/CMakeFiles/CMakeTmp'
Building CXX object CMakeFiles/cmTC_dcec5.dir/CMakeCXXCompilerABI.cpp.obj
/home/macdev/Documents/Retro68/Retro68-build/toolchain/bin/m68k-apple-macos-g++      -o CMakeFiles/cmTC_dcec5.dir/CMakeCXXCompilerABI.cpp.obj -c /usr/share/cmake-3.5/Modules/CMakeCXXCompilerABI.cpp
Linking CXX executable cmTC_dcec5
/usr/bin/cmake -E cmake_link_script CMakeFiles/cmTC_dcec5.dir/link.txt --verbose=1
/home/macdev/Documents/Retro68/Retro68-build/toolchain/bin/m68k-apple-macos-g++       -v CMakeFiles/cmTC_dcec5.dir/CMakeCXXCompilerABI.cpp.obj  -o cmTC_dcec5   
Using built-in specs.
COLLECT_GCC=/home/macdev/Documents/Retro68/Retro68-build/toolchain/bin/m68k-apple-macos-g++
COLLECT_LTO_WRAPPER=/home/macdev/Documents/Retro68/Retro68-build/toolchain/libexec/gcc/m68k-apple-macos/5.2.0/lto-wrapper
Target: m68k-apple-macos
Configured with: /home/macdev/Documents/Retro68/Retro68/gcc/configure --target=m68k-apple-macos --prefix=/home/macdev/Documents/Retro68/Retro68-build/toolchain/ --enable-languages=c,c++ --with-arch=m68k --with-cpu=m68000 --disable-libssp MAKEINFO=missing : (reconfigured) /home/macdev/Documents/Retro68/Retro68/gcc/configure --target=m68k-apple-macos --prefix=/home/macdev/Documents/Retro68/Retro68-build/toolchain/ --enable-languages=c,c++ --with-arch=m68k --with-cpu=m68000 --disable-libssp MAKEINFO=missing
Thread model: single
gcc version 5.2.0 (GCC) 
COMPILER_PATH=/home/macdev/Documents/Retro68/Retro68-build/toolchain/libexec/gcc/m68k-apple-macos/5.2.0/:/home/macdev/Documents/Retro68/Retro68-build/toolchain/libexec/gcc/m68k-apple-macos/5.2.0/:/home/macdev/Documents/Retro68/Retro68-build/toolchain/libexec/gcc/m68k-apple-macos/:/home/macdev/Documents/Retro68/Retro68-build/toolchain/lib/gcc/m68k-apple-macos/5.2.0/:/home/macdev/Documents/Retro68/Retro68-build/toolchain/lib/gcc/m68k-apple-macos/:/home/macdev/Documents/Retro68/Retro68-build/toolchain/lib/gcc/m68k-apple-macos/5.2.0/../../../../m68k-apple-macos/bin/
LIBRARY_PATH=/home/macdev/Documents/Retro68/Retro68-build/toolchain/lib/gcc/m68k-apple-macos/5.2.0/:/home/macdev/Documents/Retro68/Retro68-build/toolchain/lib/gcc/m68k-apple-macos/5.2.0/../../../../m68k-apple-macos/lib/
COLLECT_GCC_OPTIONS='-v' '-o' 'cmTC_dcec5' '-mcpu=68000'
 /home/macdev/Documents/Retro68/Retro68-build/toolchain/libexec/gcc/m68k-apple-macos/5.2.0/collect2 -plugin /home/macdev/Documents/Retro68/Retro68-build/toolchain/libexec/gcc/m68k-apple-macos/5.2.0/liblto_plugin.so -plugin-opt=/home/macdev/Documents/Retro68/Retro68-build/toolchain/libexec/gcc/m68k-apple-macos/5.2.0/lto-wrapper -plugin-opt=-fresolution=/tmp/ccrY9h6J.res -plugin-opt=-pass-through=-lretrocrt -plugin-opt=-pass-through=-lgcc -plugin-opt=-pass-through=-lc -plugin-opt=-pass-through=-lretrocrt -plugin-opt=-pass-through=-lgcc -elf2flt -q -undefined=_consolewrite -o cmTC_dcec5 /home/macdev/Documents/Retro68/Retro68-build/toolchain/lib/gcc/m68k-apple-macos/5.2.0/crtbegin.o -L/home/macdev/Documents/Retro68/Retro68-build/toolchain/lib/gcc/m68k-apple-macos/5.2.0 -L/home/macdev/Documents/Retro68/Retro68-build/toolchain/lib/gcc/m68k-apple-macos/5.2.0/../../../../m68k-apple-macos/lib CMakeFiles/cmTC_dcec5.dir/CMakeCXXCompilerABI.cpp.obj -lstdc++ -lm -lretrocrt -lgcc -lc -lretrocrt -lgcc /home/macdev/Documents/Retro68/Retro68-build/toolchain/lib/gcc/m68k-apple-macos/5.2.0/crtend.o
make[1]: Leaving directory '/home/macdev/Documents/Retro68kApps/HelloWorld/build/CMakeFiles/CMakeTmp'


Parsed CXX implicit link information from above output:
  link line regex: [^( *|.*[/\])(m68k-apple-macos-ld|([^/\]+-)?ld|collect2)[^/\]*( |$)]
  ignore line: [Change Dir: /home/macdev/Documents/Retro68kApps/HelloWorld/build/CMakeFiles/CMakeTmp]
  ignore line: []
  ignore line: [Run Build Command:"/usr/bin/make" "cmTC_dcec5/fast"]
  ignore line: [/usr/bin/make -f CMakeFiles/cmTC_dcec5.dir/build.make CMakeFiles/cmTC_dcec5.dir/build]
  ignore line: [make[1]: Entering directory '/home/macdev/Documents/Retro68kApps/HelloWorld/build/CMakeFiles/CMakeTmp']
  ignore line: [Building CXX object CMakeFiles/cmTC_dcec5.dir/CMakeCXXCompilerABI.cpp.obj]
  ignore line: [/home/macdev/Documents/Retro68/Retro68-build/toolchain/bin/m68k-apple-macos-g++      -o CMakeFiles/cmTC_dcec5.dir/CMakeCXXCompilerABI.cpp.obj -c /usr/share/cmake-3.5/Modules/CMakeCXXCompilerABI.cpp]
  ignore line: [Linking CXX executable cmTC_dcec5]
  ignore line: [/usr/bin/cmake -E cmake_link_script CMakeFiles/cmTC_dcec5.dir/link.txt --verbose=1]
  ignore line: [/home/macdev/Documents/Retro68/Retro68-build/toolchain/bin/m68k-apple-macos-g++       -v CMakeFiles/cmTC_dcec5.dir/CMakeCXXCompilerABI.cpp.obj  -o cmTC_dcec5   ]
  ignore line: [Using built-in specs.]
  ignore line: [COLLECT_GCC=/home/macdev/Documents/Retro68/Retro68-build/toolchain/bin/m68k-apple-macos-g++]
  ignore line: [COLLECT_LTO_WRAPPER=/home/macdev/Documents/Retro68/Retro68-build/toolchain/libexec/gcc/m68k-apple-macos/5.2.0/lto-wrapper]
  ignore line: [Target: m68k-apple-macos]
  ignore line: [Configured with: /home/macdev/Documents/Retro68/Retro68/gcc/configure --target=m68k-apple-macos --prefix=/home/macdev/Documents/Retro68/Retro68-build/toolchain/ --enable-languages=c,c++ --with-arch=m68k --with-cpu=m68000 --disable-libssp MAKEINFO=missing : (reconfigured) /home/macdev/Documents/Retro68/Retro68/gcc/configure --target=m68k-apple-macos --prefix=/home/macdev/Documents/Retro68/Retro68-build/toolchain/ --enable-languages=c,c++ --with-arch=m68k --with-cpu=m68000 --disable-libssp MAKEINFO=missing]
  ignore line: [Thread model: single]
  ignore line: [gcc version 5.2.0 (GCC) ]
  ignore line: [COMPILER_PATH=/home/macdev/Documents/Retro68/Retro68-build/toolchain/libexec/gcc/m68k-apple-macos/5.2.0/:/home/macdev/Documents/Retro68/Retro68-build/toolchain/libexec/gcc/m68k-apple-macos/5.2.0/:/home/macdev/Documents/Retro68/Retro68-build/toolchain/libexec/gcc/m68k-apple-macos/:/home/macdev/Documents/Retro68/Retro68-build/toolchain/lib/gcc/m68k-apple-macos/5.2.0/:/home/macdev/Documents/Retro68/Retro68-build/toolchain/lib/gcc/m68k-apple-macos/:/home/macdev/Documents/Retro68/Retro68-build/toolchain/lib/gcc/m68k-apple-macos/5.2.0/../../../../m68k-apple-macos/bin/]
  ignore line: [LIBRARY_PATH=/home/macdev/Documents/Retro68/Retro68-build/toolchain/lib/gcc/m68k-apple-macos/5.2.0/:/home/macdev/Documents/Retro68/Retro68-build/toolchain/lib/gcc/m68k-apple-macos/5.2.0/../../../../m68k-apple-macos/lib/]
  ignore line: [COLLECT_GCC_OPTIONS='-v' '-o' 'cmTC_dcec5' '-mcpu=68000']
  link line: [ /home/macdev/Documents/Retro68/Retro68-build/toolchain/libexec/gcc/m68k-apple-macos/5.2.0/collect2 -plugin /home/macdev/Documents/Retro68/Retro68-build/toolchain/libexec/gcc/m68k-apple-macos/5.2.0/liblto_plugin.so -plugin-opt=/home/macdev/Documents/Retro68/Retro68-build/toolchain/libexec/gcc/m68k-apple-macos/5.2.0/lto-wrapper -plugin-opt=-fresolution=/tmp/ccrY9h6J.res -plugin-opt=-pass-through=-lretrocrt -plugin-opt=-pass-through=-lgcc -plugin-opt=-pass-through=-lc -plugin-opt=-pass-through=-lretrocrt -plugin-opt=-pass-through=-lgcc -elf2flt -q -undefined=_consolewrite -o cmTC_dcec5 /home/macdev/Documents/Retro68/Retro68-build/toolchain/lib/gcc/m68k-apple-macos/5.2.0/crtbegin.o -L/home/macdev/Documents/Retro68/Retro68-build/toolchain/lib/gcc/m68k-apple-macos/5.2.0 -L/home/macdev/Documents/Retro68/Retro68-build/toolchain/lib/gcc/m68k-apple-macos/5.2.0/../../../../m68k-apple-macos/lib CMakeFiles/cmTC_dcec5.dir/CMakeCXXCompilerABI.cpp.obj -lstdc++ -lm -lretrocrt -lgcc -lc -lretrocrt -lgcc /home/macdev/Documents/Retro68/Retro68-build/toolchain/lib/gcc/m68k-apple-macos/5.2.0/crtend.o]
    arg [/home/macdev/Documents/Retro68/Retro68-build/toolchain/libexec/gcc/m68k-apple-macos/5.2.0/collect2] ==> ignore
    arg [-plugin] ==> ignore
    arg [/home/macdev/Documents/Retro68/Retro68-build/toolchain/libexec/gcc/m68k-apple-macos/5.2.0/liblto_plugin.so] ==> ignore
    arg [-plugin-opt=/home/macdev/Documents/Retro68/Retro68-build/toolchain/libexec/gcc/m68k-apple-macos/5.2.0/lto-wrapper] ==> ignore
    arg [-plugin-opt=-fresolution=/tmp/ccrY9h6J.res] ==> ignore
    arg [-plugin-opt=-pass-through=-lretrocrt] ==> ignore
    arg [-plugin-opt=-pass-through=-lgcc] ==> ignore
    arg [-plugin-opt=-pass-through=-lc] ==> ignore
    arg [-plugin-opt=-pass-through=-lretrocrt] ==> ignore
    arg [-plugin-opt=-pass-through=-lgcc] ==> ignore
    arg [-elf2flt] ==> ignore
    arg [-q] ==> ignore
    arg [-undefined=_consolewrite] ==> ignore
    arg [-o] ==> ignore
    arg [cmTC_dcec5] ==> ignore
    arg [/home/macdev/Documents/Retro68/Retro68-build/toolchain/lib/gcc/m68k-apple-macos/5.2.0/crtbegin.o] ==> ignore
    arg [-L/home/macdev/Documents/Retro68/Retro68-build/toolchain/lib/gcc/m68k-apple-macos/5.2.0] ==> dir [/home/macdev/Documents/Retro68/Retro68-build/toolchain/lib/gcc/m68k-apple-macos/5.2.0]
    arg [-L/home/macdev/Documents/Retro68/Retro68-build/toolchain/lib/gcc/m68k-apple-macos/5.2.0/../../../../m68k-apple-macos/lib] ==> dir [/home/macdev/Documents/Retro68/Retro68-build/toolchain/lib/gcc/m68k-apple-macos/5.2.0/../../../../m68k-apple-macos/lib]
    arg [CMakeFiles/cmTC_dcec5.dir/CMakeCXXCompilerABI.cpp.obj] ==> ignore
    arg [-lstdc++] ==> lib [stdc++]
    arg [-lm] ==> lib [m]
    arg [-lretrocrt] ==> lib [retrocrt]
    arg [-lgcc] ==> lib [gcc]
    arg [-lc] ==> lib [c]
    arg [-lretrocrt] ==> lib [retrocrt]
    arg [-lgcc] ==> lib [gcc]
    arg [/home/macdev/Documents/Retro68/Retro68-build/toolchain/lib/gcc/m68k-apple-macos/5.2.0/crtend.o] ==> ignore
  remove lib [gcc]
  remove lib [gcc]
  collapse library dir [/home/macdev/Documents/Retro68/Retro68-build/toolchain/lib/gcc/m68k-apple-macos/5.2.0] ==> [/home/macdev/Documents/Retro68/Retro68-build/toolchain/lib/gcc/m68k-apple-macos/5.2.0]
  collapse library dir [/home/macdev/Documents/Retro68/Retro68-build/toolchain/lib/gcc/m68k-apple-macos/5.2.0/../../../../m68k-apple-macos/lib] ==> [/home/macdev/Documents/Retro68/Retro68-build/toolchain/m68k-apple-macos/lib]
  implicit libs: [stdc++;m;retrocrt;c;retrocrt]
  implicit dirs: [/home/macdev/Documents/Retro68/Retro68-build/toolchain/lib/gcc/m68k-apple-macos/5.2.0;/home/macdev/Documents/Retro68/Retro68-build/toolchain/m68k-apple-macos/lib]
  implicit fwks: []




Detecting CXX [-std=c++14] compiler features compiled with the following output:
Change Dir: /home/macdev/Documents/Retro68kApps/HelloWorld/build/CMakeFiles/CMakeTmp

Run Build Command:"/usr/bin/make" "cmTC_9a804/fast"
/usr/bin/make -f CMakeFiles/cmTC_9a804.dir/build.make CMakeFiles/cmTC_9a804.dir/build
make[1]: Entering directory '/home/macdev/Documents/Retro68kApps/HelloWorld/build/CMakeFiles/CMakeTmp'
Building CXX object CMakeFiles/cmTC_9a804.dir/feature_tests.cxx.obj
/home/macdev/Documents/Retro68/Retro68-build/toolchain/bin/m68k-apple-macos-g++     -std=c++14 -o CMakeFiles/cmTC_9a804.dir/feature_tests.cxx.obj -c /home/macdev/Documents/Retro68kApps/HelloWorld/build/CMakeFiles/feature_tests.cxx
Linking CXX executable cmTC_9a804
/usr/bin/cmake -E cmake_link_script CMakeFiles/cmTC_9a804.dir/link.txt --verbose=1
/home/macdev/Documents/Retro68/Retro68-build/toolchain/bin/m68k-apple-macos-g++        CMakeFiles/cmTC_9a804.dir/feature_tests.cxx.obj  -o cmTC_9a804  
make[1]: Leaving directory '/home/macdev/Documents/Retro68kApps/HelloWorld/build/CMakeFiles/CMakeTmp'


    Feature record: CXX_FEATURE:1cxx_aggregate_default_initializers
    Feature record: CXX_FEATURE:1cxx_alias_templates
    Feature record: CXX_FEATURE:1cxx_alignas
    Feature record: CXX_FEATURE:1cxx_alignof
    Feature record: CXX_FEATURE:1cxx_attributes
    Feature record: CXX_FEATURE:1cxx_attribute_deprecated
    Feature record: CXX_FEATURE:1cxx_auto_type
    Feature record: CXX_FEATURE:1cxx_binary_literals
    Feature record: CXX_FEATURE:1cxx_constexpr
    Feature record: CXX_FEATURE:1cxx_contextual_conversions
    Feature record: CXX_FEATURE:1cxx_decltype
    Feature record: CXX_FEATURE:1cxx_decltype_auto
    Feature record: CXX_FEATURE:1cxx_decltype_incomplete_return_types
    Feature record: CXX_FEATURE:1cxx_default_function_template_args
    Feature record: CXX_FEATURE:1cxx_defaulted_functions
    Feature record: CXX_FEATURE:1cxx_defaulted_move_initializers
    Feature record: CXX_FEATURE:1cxx_delegating_constructors
    Feature record: CXX_FEATURE:1cxx_deleted_functions
    Feature record: CXX_FEATURE:1cxx_digit_separators
    Feature record: CXX_FEATURE:1cxx_enum_forward_declarations
    Feature record: CXX_FEATURE:1cxx_explicit_conversions
    Feature record: CXX_FEATURE:1cxx_extended_friend_declarations
    Feature record: CXX_FEATURE:1cxx_extern_templates
    Feature record: CXX_FEATURE:1cxx_final
    Feature record: CXX_FEATURE:1cxx_func_identifier
    Feature record: CXX_FEATURE:1cxx_generalized_initializers
    Feature record: CXX_FEATURE:1cxx_generic_lambdas
    Feature record: CXX_FEATURE:1cxx_inheriting_constructors
    Feature record: CXX_FEATURE:1cxx_inline_namespaces
    Feature record: CXX_FEATURE:1cxx_lambdas
    Feature record: CXX_FEATURE:1cxx_lambda_init_captures
    Feature record: CXX_FEATURE:1cxx_local_type_template_args
    Feature record: CXX_FEATURE:1cxx_long_long_type
    Feature record: CXX_FEATURE:1cxx_noexcept
    Feature record: CXX_FEATURE:1cxx_nonstatic_member_init
    Feature record: CXX_FEATURE:1cxx_nullptr
    Feature record: CXX_FEATURE:1cxx_override
    Feature record: CXX_FEATURE:1cxx_range_for
    Feature record: CXX_FEATURE:1cxx_raw_string_literals
    Feature record: CXX_FEATURE:1cxx_reference_qualified_functions
    Feature record: CXX_FEATURE:1cxx_relaxed_constexpr
    Feature record: CXX_FEATURE:1cxx_return_type_deduction
    Feature record: CXX_FEATURE:1cxx_right_angle_brackets
    Feature record: CXX_FEATURE:1cxx_rvalue_references
    Feature record: CXX_FEATURE:1cxx_sizeof_member
    Feature record: CXX_FEATURE:1cxx_static_assert
    Feature record: CXX_FEATURE:1cxx_strong_enums
    Feature record: CXX_FEATURE:1cxx_template_template_parameters
    Feature record: CXX_FEATURE:1cxx_thread_local
    Feature record: CXX_FEATURE:1cxx_trailing_return_types
    Feature record: CXX_FEATURE:1cxx_unicode_literals
    Feature record: CXX_FEATURE:1cxx_uniform_initialization
    Feature record: CXX_FEATURE:1cxx_unrestricted_unions
    Feature record: CXX_FEATURE:1cxx_user_literals
    Feature record: CXX_FEATURE:1cxx_variable_templates
    Feature record: CXX_FEATURE:1cxx_variadic_macros
    Feature record: CXX_FEATURE:1cxx_variadic_templates


Detecting CXX [-std=c++11] compiler features compiled with the following output:
Change Dir: /home/macdev/Documents/Retro68kApps/HelloWorld/build/CMakeFiles/CMakeTmp

Run Build Command:"/usr/bin/make" "cmTC_4a8b3/fast"
/usr/bin/make -f CMakeFiles/cmTC_4a8b3.dir/build.make CMakeFiles/cmTC_4a8b3.dir/build
make[1]: Entering directory '/home/macdev/Documents/Retro68kApps/HelloWorld/build/CMakeFiles/CMakeTmp'
Building CXX object CMakeFiles/cmTC_4a8b3.dir/feature_tests.cxx.obj
/home/macdev/Documents/Retro68/Retro68-build/toolchain/bin/m68k-apple-macos-g++     -std=c++11 -o CMakeFiles/cmTC_4a8b3.dir/feature_tests.cxx.obj -c /home/macdev/Documents/Retro68kApps/HelloWorld/build/CMakeFiles/feature_tests.cxx
Linking CXX executable cmTC_4a8b3
/usr/bin/cmake -E cmake_link_script CMakeFiles/cmTC_4a8b3.dir/link.txt --verbose=1
/home/macdev/Documents/Retro68/Retro68-build/toolchain/bin/m68k-apple-macos-g++        CMakeFiles/cmTC_4a8b3.dir/feature_tests.cxx.obj  -o cmTC_4a8b3  
make[1]: Leaving directory '/home/macdev/Documents/Retro68kApps/HelloWorld/build/CMakeFiles/CMakeTmp'


    Feature record: CXX_FEATURE:0cxx_aggregate_default_initializers
    Feature record: CXX_FEATURE:1cxx_alias_templates
    Feature record: CXX_FEATURE:1cxx_alignas
    Feature record: CXX_FEATURE:1cxx_alignof
    Feature record: CXX_FEATURE:1cxx_attributes
    Feature record: CXX_FEATURE:0cxx_attribute_deprecated
    Feature record: CXX_FEATURE:1cxx_auto_type
    Feature record: CXX_FEATURE:0cxx_binary_literals
    Feature record: CXX_FEATURE:1cxx_constexpr
    Feature record: CXX_FEATURE:0cxx_contextual_conversions
    Feature record: CXX_FEATURE:1cxx_decltype
    Feature record: CXX_FEATURE:0cxx_decltype_auto
    Feature record: CXX_FEATURE:1cxx_decltype_incomplete_return_types
    Feature record: CXX_FEATURE:1cxx_default_function_template_args
    Feature record: CXX_FEATURE:1cxx_defaulted_functions
    Feature record: CXX_FEATURE:1cxx_defaulted_move_initializers
    Feature record: CXX_FEATURE:1cxx_delegating_constructors
    Feature record: CXX_FEATURE:1cxx_deleted_functions
    Feature record: CXX_FEATURE:0cxx_digit_separators
    Feature record: CXX_FEATURE:1cxx_enum_forward_declarations
    Feature record: CXX_FEATURE:1cxx_explicit_conversions
    Feature record: CXX_FEATURE:1cxx_extended_friend_declarations
    Feature record: CXX_FEATURE:1cxx_extern_templates
    Feature record: CXX_FEATURE:1cxx_final
    Feature record: CXX_FEATURE:1cxx_func_identifier
    Feature record: CXX_FEATURE:1cxx_generalized_initializers
    Feature record: CXX_FEATURE:0cxx_generic_lambdas
    Feature record: CXX_FEATURE:1cxx_inheriting_constructors
    Feature record: CXX_FEATURE:1cxx_inline_namespaces
    Feature record: CXX_FEATURE:1cxx_lambdas
    Feature record: CXX_FEATURE:0cxx_lambda_init_captures
    Feature record: CXX_FEATURE:1cxx_local_type_template_args
    Feature record: CXX_FEATURE:1cxx_long_long_type
    Feature record: CXX_FEATURE:1cxx_noexcept
    Feature record: CXX_FEATURE:1cxx_nonstatic_member_init
    Feature record: CXX_FEATURE:1cxx_nullptr
    Feature record: CXX_FEATURE:1cxx_override
    Feature record: CXX_FEATURE:1cxx_range_for
    Feature record: CXX_FEATURE:1cxx_raw_string_literals
    Feature record: CXX_FEATURE:1cxx_reference_qualified_functions
    Feature record: CXX_FEATURE:0cxx_relaxed_constexpr
    Feature record: CXX_FEATURE:0cxx_return_type_deduction
    Feature record: CXX_FEATURE:1cxx_right_angle_brackets
    Feature record: CXX_FEATURE:1cxx_rvalue_references
    Feature record: CXX_FEATURE:1cxx_sizeof_member
    Feature record: CXX_FEATURE:1cxx_static_assert
    Feature record: CXX_FEATURE:1cxx_strong_enums
    Feature record: CXX_FEATURE:1cxx_template_template_parameters
    Feature record: CXX_FEATURE:1cxx_thread_local
    Feature record: CXX_FEATURE:1cxx_trailing_return_types
    Feature record: CXX_FEATURE:1cxx_unicode_literals
    Feature record: CXX_FEATURE:1cxx_uniform_initialization
    Feature record: CXX_FEATURE:1cxx_unrestricted_unions
    Feature record: CXX_FEATURE:1cxx_user_literals
    Feature record: CXX_FEATURE:0cxx_variable_templates
    Feature record: CXX_FEATURE:1cxx_variadic_macros
    Feature record: CXX_FEATURE:1cxx_variadic_templates


Detecting CXX [-std=c++98] compiler features compiled with the following output:
Change Dir: /home/macdev/Documents/Retro68kApps/HelloWorld/build/CMakeFiles/CMakeTmp

Run Build Command:"/usr/bin/make" "cmTC_e9f67/fast"
/usr/bin/make -f CMakeFiles/cmTC_e9f67.dir/build.make CMakeFiles/cmTC_e9f67.dir/build
make[1]: Entering directory '/home/macdev/Documents/Retro68kApps/HelloWorld/build/CMakeFiles/CMakeTmp'
Building CXX object CMakeFiles/cmTC_e9f67.dir/feature_tests.cxx.obj
/home/macdev/Documents/Retro68/Retro68-build/toolchain/bin/m68k-apple-macos-g++     -std=c++98 -o CMakeFiles/cmTC_e9f67.dir/feature_tests.cxx.obj -c /home/macdev/Documents/Retro68kApps/HelloWorld/build/CMakeFiles/feature_tests.cxx
Linking CXX executable cmTC_e9f67
/usr/bin/cmake -E cmake_link_script CMakeFiles/cmTC_e9f67.dir/link.txt --verbose=1
/home/macdev/Documents/Retro68/Retro68-build/toolchain/bin/m68k-apple-macos-g++        CMakeFiles/cmTC_e9f67.dir/feature_tests.cxx.obj  -o cmTC_e9f67  
make[1]: Leaving directory '/home/macdev/Documents/Retro68kApps/HelloWorld/build/CMakeFiles/CMakeTmp'


    Feature record: CXX_FEATURE:0cxx_aggregate_default_initializers
    Feature record: CXX_FEATURE:0cxx_alias_templates
    Feature record: CXX_FEATURE:0cxx_alignas
    Feature record: CXX_FEATURE:0cxx_alignof
    Feature record: CXX_FEATURE:0cxx_attributes
    Feature record: CXX_FEATURE:0cxx_attribute_deprecated
    Feature record: CXX_FEATURE:0cxx_auto_type
    Feature record: CXX_FEATURE:0cxx_binary_literals
    Feature record: CXX_FEATURE:0cxx_constexpr
    Feature record: CXX_FEATURE:0cxx_contextual_conversions
    Feature record: CXX_FEATURE:0cxx_decltype
    Feature record: CXX_FEATURE:0cxx_decltype_auto
    Feature record: CXX_FEATURE:0cxx_decltype_incomplete_return_types
    Feature record: CXX_FEATURE:0cxx_default_function_template_args
    Feature record: CXX_FEATURE:0cxx_defaulted_functions
    Feature record: CXX_FEATURE:0cxx_defaulted_move_initializers
    Feature record: CXX_FEATURE:0cxx_delegating_constructors
    Feature record: CXX_FEATURE:0cxx_deleted_functions
    Feature record: CXX_FEATURE:0cxx_digit_separators
    Feature record: CXX_FEATURE:0cxx_enum_forward_declarations
    Feature record: CXX_FEATURE:0cxx_explicit_conversions
    Feature record: CXX_FEATURE:0cxx_extended_friend_declarations
    Feature record: CXX_FEATURE:0cxx_extern_templates
    Feature record: CXX_FEATURE:0cxx_final
    Feature record: CXX_FEATURE:0cxx_func_identifier
    Feature record: CXX_FEATURE:0cxx_generalized_initializers
    Feature record: CXX_FEATURE:0cxx_generic_lambdas
    Feature record: CXX_FEATURE:0cxx_inheriting_constructors
    Feature record: CXX_FEATURE:0cxx_inline_namespaces
    Feature record: CXX_FEATURE:0cxx_lambdas
    Feature record: CXX_FEATURE:0cxx_lambda_init_captures
    Feature record: CXX_FEATURE:0cxx_local_type_template_args
    Feature record: CXX_FEATURE:0cxx_long_long_type
    Feature record: CXX_FEATURE:0cxx_noexcept
    Feature record: CXX_FEATURE:0cxx_nonstatic_member_init
    Feature record: CXX_FEATURE:0cxx_nullptr
    Feature record: CXX_FEATURE:0cxx_override
    Feature record: CXX_FEATURE:0cxx_range_for
    Feature record: CXX_FEATURE:0cxx_raw_string_literals
    Feature record: CXX_FEATURE:0cxx_reference_qualified_functions
    Feature record: CXX_FEATURE:0cxx_relaxed_constexpr
    Feature record: CXX_FEATURE:0cxx_return_type_deduction
    Feature record: CXX_FEATURE:0cxx_right_angle_brackets
    Feature record: CXX_FEATURE:0cxx_rvalue_references
    Feature record: CXX_FEATURE:0cxx_sizeof_member
    Feature record: CXX_FEATURE:0cxx_static_assert
    Feature record: CXX_FEATURE:0cxx_strong_enums
    Feature record: CXX_FEATURE:1cxx_template_template_parameters
    Feature record: CXX_FEATURE:0cxx_thread_local
    Feature record: CXX_FEATURE:0cxx_trailing_return_types
    Feature record: CXX_FEATURE:0cxx_unicode_literals
    Feature record: CXX_FEATURE:0cxx_uniform_initialization
    Feature record: CXX_FEATURE:0cxx_unrestricted_unions
    Feature record: CXX_FEATURE:0cxx_user_literals
    Feature record: CXX_FEATURE:0cxx_variable_templates
    Feature record: CXX_FEATURE:0cxx_variadic_macros
    Feature record: CXX_FEATURE:0cxx_variadic_templates
